  [4;36;1mSQL (0.2ms)[0m   [0;1m SELECT name
 FROM sqlite_master
 WHERE type = 'table' AND NOT name = 'sqlite_sequence'
[0m
  [4;35;1mSQL (0.2ms)[0m   [0mselect sqlite_version(*)[0m
  [4;36;1mSQL (1.8ms)[0m   [0;1mCREATE TABLE "schema_migrations" ("version" varchar(255) NOT NULL) [0m
  [4;35;1mSQL (2.2ms)[0m   [0mCREATE UNIQUE INDEX "unique_schema_migrations" ON "schema_migrations" ("version")[0m
  [4;36;1mSQL (0.4ms)[0m   [0;1m SELECT name
 FROM sqlite_master
 WHERE type = 'table' AND NOT name = 'sqlite_sequence'
[0m
  [4;35;1mSQL (0.1ms)[0m   [0mSELECT version FROM schema_migrations[0m
Migrating to CreateUsers (20100102082657)
  [4;36;1mSQL (0.6ms)[0m   [0;1mCREATE TABLE "users" ("id" INTEGER PRIMARY KEY AUTOINCREMENT NOT NULL, "login" varchar(255) NOT NULL, "crypted_password" varchar(255) NOT NULL, "password_salt" varchar(255) NOT NULL, "persistence_token" varchar(255) NOT NULL, "created_at" datetime, "updated_at" datetime) [0m
  [4;35;1mSQL (0.1ms)[0m   [0mINSERT INTO schema_migrations (version) VALUES ('20100102082657')[0m
  [4;36;1mSQL (0.3ms)[0m   [0;1m SELECT name
 FROM sqlite_master
 WHERE type = 'table' AND NOT name = 'sqlite_sequence'
[0m
  [4;35;1mSQL (0.2ms)[0m   [0mSELECT version FROM schema_migrations[0m
  [4;36;1mSQL (0.2ms)[0m   [0;1m SELECT name
 FROM sqlite_master
 WHERE type = 'table' AND NOT name = 'sqlite_sequence'
[0m
  [4;35;1mSQL (0.0ms)[0m   [0mPRAGMA index_list("users")[0m
  [4;36;1mUser Load (0.2ms)[0m   [0;1mSELECT "users".id FROM "users" WHERE (LOWER("users"."login") = 'adman65') LIMIT 1[0m
  [4;35;1mUser Load (0.1ms)[0m   [0mSELECT "users".id FROM "users" WHERE ("users"."persistence_token" = 'ffee6a37b855ca42702e0891cd6af07f42bf7f7575789321cbb605d995c50f6b1db53de8935e94759962ce46cb5ddb0e8911d60f9b7aa6d9802cd98ccb929b2b') LIMIT 1[0m
  [4;36;1mUser Create (0.4ms)[0m   [0;1mINSERT INTO "users" ("created_at", "crypted_password", "updated_at", "password_salt", "persistence_token", "login") VALUES('2010-01-02 08:35:06', 'c90ccf13ca2ecc5735be3155da3e3f2513a2c0e70ca3e26830962cb5a9e1fae6f2ecf4e3074f73e484baa3ecc2fd27aef0ca3e5969923c0559d4ea6a261dffae', '2010-01-02 08:35:06', '46MOr2PPZ2tDvzgRdxmd', 'ffee6a37b855ca42702e0891cd6af07f42bf7f7575789321cbb605d995c50f6b1db53de8935e94759962ce46cb5ddb0e8911d60f9b7aa6d9802cd98ccb929b2b', 'Adman65')[0m


Processing UsersController#index (for 127.0.0.1 at 2010-01-02 00:53:33) [GET]

NameError (undefined local variable or method `current_user' for #<UsersController:0x103323378>):
  app/controllers/users_controller.rb:10:in `login_required'

Rendered rescues/_trace (40.5ms)
Rendered rescues/_request_and_response (1.3ms)
Rendering rescues/layout (internal_server_error)


Processing UsersController#index (for 127.0.0.1 at 2010-01-02 00:54:05) [GET]
  Parameters: {"action"=>"index", "controller"=>"users"}
Redirected to http://localhost:3000/user_session/new
Filter chain halted as [:login_required] rendered_or_redirected.
Completed in 12ms (DB: 0) | 302 Found [http://localhost/]


Processing UserSessionsController#new (for 127.0.0.1 at 2010-01-02 00:54:06) [GET]
  Parameters: {"action"=>"new", "controller"=>"user_sessions"}
Rendering template within layouts/application
Rendering user_sessions/new
Rendered user_sessions/_form (119.9ms)
Completed in 145ms (View: 135, DB: 0) | 200 OK [http://localhost/user_session/new]


Processing UserSessionsController#new (for 127.0.0.1 at 2010-01-02 00:54:07) [GET]
  Parameters: {"action"=>"new", "controller"=>"user_sessions"}
Rendering template within layouts/application
Rendering user_sessions/new
Rendered user_sessions/_form (3.3ms)
Completed in 16ms (View: 5, DB: 0) | 200 OK [http://localhost/user_session/new]


Processing UserSessionsController#new (for 127.0.0.1 at 2010-01-02 00:54:41) [GET]
  Parameters: {"action"=>"new", "controller"=>"user_sessions"}
Rendering template within layouts/application
Rendering user_sessions/new
Rendered user_sessions/_form (4.2ms)
Completed in 21ms (View: 10, DB: 0) | 200 OK [http://localhost/user_session/new]


Processing UserSessionsController#create (for 127.0.0.1 at 2010-01-02 00:54:46) [POST]
  Parameters: {"commit"=>"Save changes", "user_session"=>{"login"=>"nettuts"}, "action"=>"create", "authenticity_token"=>"tXvO/g778r17ec6RHb1T/0fZmoAGyjhYjQdNdD4Bhsc=", "controller"=>"user_sessions"}
Rendering template within layouts/application
Rendering user_sessions/new
Rendered user_sessions/_form (4.4ms)
Completed in 18ms (View: 6, DB: 0) | 200 OK [http://localhost/user_session]


Processing UserSessionsController#new (for 127.0.0.1 at 2010-01-02 00:55:12) [GET]
  Parameters: {"action"=>"new", "controller"=>"user_sessions"}
Rendering template within layouts/application
Rendering user_sessions/new
Rendered user_sessions/_form (3.3ms)
Completed in 16ms (View: 5, DB: 0) | 200 OK [http://localhost/user_session/new]


Processing UserSessionsController#create (for 127.0.0.1 at 2010-01-02 00:55:26) [POST]
  Parameters: {"commit"=>"Save changes", "user_session"=>{"login"=>"nettuts"}, "action"=>"create", "authenticity_token"=>"tXvO/g778r17ec6RHb1T/0fZmoAGyjhYjQdNdD4Bhsc=", "controller"=>"user_sessions"}
Rendering template within layouts/application
Rendering user_sessions/new
Rendered user_sessions/_form (4.2ms)
Completed in 19ms (View: 7, DB: 0) | 200 OK [http://localhost/user_session]


Processing UserSessionsController#new (for 127.0.0.1 at 2010-01-02 00:55:31) [GET]
  Parameters: {"action"=>"new", "controller"=>"user_sessions"}
Rendering template within layouts/application
Rendering user_sessions/new
Rendered user_sessions/_form (3.3ms)
Completed in 16ms (View: 5, DB: 0) | 200 OK [http://localhost/user_session/new]


Processing UserSessionsController#new (for 127.0.0.1 at 2010-01-02 00:55:47) [GET]
  Parameters: {"action"=>"new", "controller"=>"user_sessions"}
Rendering template within layouts/application
Rendering user_sessions/new
Rendered user_sessions/_form (4.1ms)
Completed in 20ms (View: 10, DB: 0) | 200 OK [http://localhost/user_session/new]


Processing UserSessionsController#create (for 127.0.0.1 at 2010-01-02 00:55:53) [POST]
  Parameters: {"commit"=>"Save changes", "user_session"=>{"password"=>"[FILTERED]", "login"=>"Adman65"}, "action"=>"create", "authenticity_token"=>"tXvO/g778r17ec6RHb1T/0fZmoAGyjhYjQdNdD4Bhsc=", "controller"=>"user_sessions"}
  [4;36;1mUser Load (0.4ms)[0m   [0;1mSELECT * FROM "users" WHERE (LOWER("users".login) = 'adman65') LIMIT 1[0m

NameError (undefined local variable or method `dashboard_path' for #<UserSessionsController:0x102faacf0>):
  app/controllers/user_sessions_controller.rb:10:in `create'

Rendered rescues/_trace (37.9ms)
Rendered rescues/_request_and_response (0.4ms)
Rendering rescues/layout (internal_server_error)


Processing UserSessionsController#new (for 127.0.0.1 at 2010-01-02 00:56:23) [GET]
  Parameters: {"action"=>"new", "controller"=>"user_sessions"}
Rendering template within layouts/application
Rendering user_sessions/new
Rendered user_sessions/_form (3.6ms)
Completed in 98ms (View: 5, DB: 0) | 200 OK [http://localhost/user_session/new]


Processing UserSessionsController#create (for 127.0.0.1 at 2010-01-02 00:56:30) [POST]
  Parameters: {"commit"=>"Save changes", "user_session"=>{"password"=>"[FILTERED]", "login"=>"Adman65"}, "action"=>"create", "authenticity_token"=>"tXvO/g778r17ec6RHb1T/0fZmoAGyjhYjQdNdD4Bhsc=", "controller"=>"user_sessions"}
  [4;35;1mUser Load (0.4ms)[0m   [0mSELECT * FROM "users" WHERE (LOWER("users".login) = 'adman65') LIMIT 1[0m
  [4;36;1mUser Load (0.4ms)[0m   [0;1mSELECT * FROM "users" WHERE ("users"."id" = '1') LIMIT 1[0m

NoMethodError (undefined method `user_path' for #<UserSessionsController:0x102fbe480>):
  app/controllers/user_sessions_controller.rb:10:in `create'

Rendered rescues/_trace (36.0ms)
Rendered rescues/_request_and_response (0.5ms)
Rendering rescues/layout (internal_server_error)


Processing UsersController#index (for 127.0.0.1 at 2010-01-02 00:57:21) [GET]
  Parameters: {"action"=>"index", "controller"=>"users"}
  [4;36;1mUser Load (0.4ms)[0m   [0;1mSELECT * FROM "users" WHERE ("users"."id" = '1') LIMIT 1[0m

ActionController::UnknownAction (No action responded to index. Actions: show):
  

Rendering rescues/layout (not_found)


Processing UsersController#index (for 127.0.0.1 at 2010-01-02 00:58:09) [GET]
  Parameters: {"action"=>"index", "controller"=>"users"}
  [4;36;1mUser Load (0.4ms)[0m   [0;1mSELECT * FROM "users" WHERE ("users"."id" = '1') LIMIT 1[0m

ActionController::UnknownAction (No action responded to index. Actions: show):
  

Rendering rescues/layout (not_found)


Processing UsersController#show (for 127.0.0.1 at 2010-01-02 00:58:45) [GET]
  Parameters: {"action"=>"show", "controller"=>"users"}
  [4;36;1mUser Load (0.4ms)[0m   [0;1mSELECT * FROM "users" WHERE ("users"."id" = '1') LIMIT 1[0m
Rendering template within layouts/application
Rendering users/show
Completed in 46ms (View: 22, DB: 0) | 200 OK [http://localhost/]


Processing UsersController#show (for 127.0.0.1 at 2010-01-02 01:00:57) [GET]
  Parameters: {"action"=>"show", "controller"=>"users"}
  [4;35;1mUser Load (0.4ms)[0m   [0mSELECT * FROM "users" WHERE ("users"."id" = '1') LIMIT 1[0m
Rendering template within layouts/application
Rendering users/show
Completed in 24ms (View: 8, DB: 0) | 200 OK [http://localhost/]


Processing UserSessionsController#destroy (for 127.0.0.1 at 2010-01-02 01:01:00) [DELETE]
  Parameters: {"action"=>"destroy", "_method"=>"delete", "authenticity_token"=>"tXvO/g778r17ec6RHb1T/0fZmoAGyjhYjQdNdD4Bhsc=", "controller"=>"user_sessions"}
  [4;36;1mUser Load (0.4ms)[0m   [0;1mSELECT * FROM "users" WHERE ("users"."id" = '1') LIMIT 1[0m

NoMethodError (undefined method `redirect_back_or_default' for #<UserSessionsController:0x102cc71c8>):
  app/controllers/user_sessions_controller.rb:19:in `destroy'

Rendered rescues/_trace (37.6ms)
Rendered rescues/_request_and_response (1.4ms)
Rendering rescues/layout (internal_server_error)


Processing UserSessionsController#destroy (for 127.0.0.1 at 2010-01-02 01:01:54) [DELETE]
  Parameters: {"action"=>"destroy", "_method"=>"delete", "authenticity_token"=>"tXvO/g778r17ec6RHb1T/0fZmoAGyjhYjQdNdD4Bhsc=", "controller"=>"user_sessions"}

NoMethodError (You have a nil object when you didn't expect it!
You might have expected an instance of ActiveRecord::Base.
The error occurred while evaluating nil.destroy):
  app/controllers/user_sessions_controller.rb:17:in `destroy'

Rendered rescues/_trace (39.1ms)
Rendered rescues/_request_and_response (0.4ms)
Rendering rescues/layout (internal_server_error)


Processing UsersController#show (for 127.0.0.1 at 2010-01-02 01:01:57) [GET]
  Parameters: {"action"=>"show", "controller"=>"users"}
Redirected to http://localhost:3000/user_session/new
Filter chain halted as [:login_required] rendered_or_redirected.
Completed in 11ms (DB: 0) | 302 Found [http://localhost/]


Processing UserSessionsController#new (for 127.0.0.1 at 2010-01-02 01:01:57) [GET]
  Parameters: {"action"=>"new", "controller"=>"user_sessions"}
Rendering template within layouts/application
Rendering user_sessions/new
Rendered user_sessions/_form (4.2ms)
Completed in 107ms (View: 14, DB: 0) | 200 OK [http://localhost/user_session/new]


Processing UserSessionsController#new (for 127.0.0.1 at 2010-01-02 01:01:58) [GET]
  Parameters: {"action"=>"new", "controller"=>"user_sessions"}
Rendering template within layouts/application
Rendering user_sessions/new
Rendered user_sessions/_form (3.7ms)
Completed in 17ms (View: 5, DB: 0) | 200 OK [http://localhost/user_session/new]


Processing UserSessionsController#new (for 127.0.0.1 at 2010-01-02 01:02:30) [GET]
  Parameters: {"action"=>"new", "controller"=>"user_sessions"}
Rendering template within layouts/application
Rendering user_sessions/new
Rendered user_sessions/_form (3.5ms)
Completed in 20ms (View: 10, DB: 0) | 200 OK [http://localhost/user_session/new]


Processing UsersController#index (for 127.0.0.1 at 2010-01-02 01:07:18) [GET]
  Parameters: {"action"=>"index", "controller"=>"users"}
Rendering template within layouts/application
Rendering users/index
Completed in 26ms (View: 24, DB: 0) | 200 OK [http://localhost/]


Processing UserSessionsController#new (for 127.0.0.1 at 2010-01-02 01:07:20) [GET]
  Parameters: {"action"=>"new", "controller"=>"user_sessions"}
Rendering template within layouts/application
Rendering user_sessions/new
Rendered user_sessions/_form (4.1ms)
Completed in 28ms (View: 16, DB: 0) | 200 OK [http://localhost/user_session/new]


Processing UsersController#show (for 127.0.0.1 at 2010-01-02 01:07:29) [GET]
  Parameters: {"action"=>"show", "controller"=>"users"}
Redirected to http://localhost:3000/user_session/new
Filter chain halted as [:login_required] rendered_or_redirected.
Completed in 11ms (DB: 0) | 302 Found [http://localhost/user]


Processing UserSessionsController#new (for 127.0.0.1 at 2010-01-02 01:07:29) [GET]
  Parameters: {"action"=>"new", "controller"=>"user_sessions"}
Rendering template within layouts/application
Rendering user_sessions/new
Rendered user_sessions/_form (3.6ms)
Completed in 16ms (View: 6, DB: 0) | 200 OK [http://localhost/user_session/new]


Processing UsersController#index (for 127.0.0.1 at 2010-01-02 13:16:46) [GET]
  Parameters: {"action"=>"index", "controller"=>"users"}
Rendering template within layouts/application
Rendering users/index
Completed in 101ms (View: 99, DB: 0) | 200 OK [http://localhost/]


Processing UserSessionsController#new (for 127.0.0.1 at 2010-01-02 13:17:04) [GET]
  Parameters: {"action"=>"new", "controller"=>"user_sessions"}
Rendering template within layouts/application
Rendering user_sessions/new
Rendered user_sessions/_form (15.1ms)
Completed in 59ms (View: 41, DB: 0) | 200 OK [http://localhost/user_session/new]


Processing UserSessionsController#create (for 127.0.0.1 at 2010-01-02 13:17:23) [POST]
  Parameters: {"commit"=>"Save changes", "user_session"=>{"password"=>"[FILTERED]", "login"=>"Adman65"}, "action"=>"create", "authenticity_token"=>"tXvO/g778r17ec6RHb1T/0fZmoAGyjhYjQdNdD4Bhsc=", "controller"=>"user_sessions"}
  [4;36;1mUser Load (19.6ms)[0m   [0;1mSELECT * FROM "users" WHERE (LOWER("users".login) = 'adman65') LIMIT 1[0m
Redirected to http://localhost:3000/user
Completed in 224ms (DB: 20) | 302 Found [http://localhost/user_session]


Processing UsersController#show (for 127.0.0.1 at 2010-01-02 13:17:23) [GET]
  Parameters: {"action"=>"show", "controller"=>"users"}
  [4;35;1mUser Load (0.4ms)[0m   [0mSELECT * FROM "users" WHERE ("users"."id" = '1') LIMIT 1[0m
Rendering template within layouts/application
Rendering users/show
Completed in 48ms (View: 8, DB: 0) | 200 OK [http://localhost/user]


Processing UserSessionsController#destroy (for 127.0.0.1 at 2010-01-02 14:31:08) [DELETE]
  Parameters: {"action"=>"destroy", "_method"=>"delete", "authenticity_token"=>"tXvO/g778r17ec6RHb1T/0fZmoAGyjhYjQdNdD4Bhsc=", "controller"=>"user_sessions"}
  [4;36;1mUser Load (0.4ms)[0m   [0;1mSELECT * FROM "users" WHERE ("users"."id" = '1') LIMIT 1[0m
Redirected to http://localhost:3000/
Completed in 78ms (DB: 0) | 302 Found [http://localhost/user_session]


Processing UsersController#index (for 127.0.0.1 at 2010-01-02 14:31:09) [GET]
  Parameters: {"action"=>"index", "controller"=>"users"}
Rendering template within layouts/application
Rendering users/index
Completed in 38ms (View: 36, DB: 0) | 200 OK [http://localhost/]


Processing UsersController#show (for 127.0.0.1 at 2010-01-02 14:31:15) [GET]
  Parameters: {"action"=>"show", "controller"=>"users"}
Redirected to http://localhost:3000/user_session/new
Filter chain halted as [:login_required] rendered_or_redirected.
Completed in 11ms (DB: 0) | 302 Found [http://localhost/user]


Processing UserSessionsController#new (for 127.0.0.1 at 2010-01-02 14:31:15) [GET]
  Parameters: {"action"=>"new", "controller"=>"user_sessions"}
Rendering template within layouts/application
Rendering user_sessions/new
Rendered user_sessions/_form (3.3ms)
Completed in 16ms (View: 5, DB: 0) | 200 OK [http://localhost/user_session/new]


Processing UserSessionsController#new (for 127.0.0.1 at 2010-01-02 14:38:13) [GET]
  Parameters: {"action"=>"new", "controller"=>"user_sessions"}
Rendering template within layouts/application
Rendering user_sessions/new
Rendered user_sessions/_form (4.2ms)
Completed in 21ms (View: 10, DB: 0) | 200 OK [http://localhost/user_session/new]
